TN:
SF:src/presentation/helpers/bucket-challenge-best-solution/dataReceiver.helper.ts
FN:5,DataReceiver
FN:10,obtainData
FNF:2
FNH:2
FNDA:3,DataReceiver
FNDA:3,obtainData
DA:1,1
DA:2,1
DA:3,1
DA:4,1
DA:5,3
DA:6,3
DA:7,3
DA:8,3
DA:9,3
DA:10,3
DA:11,3
DA:12,3
DA:13,3
DA:14,1
DA:15,1
DA:16,2
DA:17,2
DA:18,2
DA:19,2
DA:20,2
DA:21,2
DA:22,2
DA:23,3
LF:23
LH:23
BRDA:5,0,0,3
BRDA:10,1,0,3
BRDA:13,2,0,1
BRDA:16,3,0,2
BRF:4
BRH:4
end_of_record
TN:
SF:testdata/expectedResult.ts
FNF:0
FNH:0
DA:1,1
DA:2,1
DA:3,1
DA:4,1
DA:5,1
DA:6,1
DA:7,1
DA:8,1
DA:9,1
DA:10,1
DA:11,1
DA:12,1
DA:13,1
DA:14,1
DA:15,1
DA:16,1
DA:17,1
DA:18,1
DA:19,1
DA:20,1
DA:21,1
DA:22,1
DA:23,1
DA:24,1
DA:25,1
DA:26,1
DA:27,1
DA:28,1
DA:29,1
DA:30,1
DA:31,1
DA:32,1
DA:33,1
DA:34,1
DA:35,1
DA:36,1
DA:37,1
DA:38,1
DA:39,1
DA:40,1
DA:41,1
DA:42,1
DA:43,1
DA:44,1
DA:45,1
LF:45
LH:45
BRF:0
BRH:0
end_of_record
